0.492235   -0.492106   -0.477156
-0.34116   -0.349848   -0.496955
0.48828   -0.333559   -0.321613
-0.331195   -0.49382   -0.336461
-0.174595   0.489324   0.49632
0.0198363   -0.356725   0.49151
-0.167846   -0.342916   -0.334916
-0.000820446   -0.497807   -0.336279
0.183102   0.487575   0.476198
0.351208   -0.320951   -0.499844
0.174738   -0.339762   -0.318046
0.323495   -0.492869   -0.340285
-0.493807   -0.158458   -0.490239
-0.333219   0.00384626   -0.498415
-0.493025   -0.00989371   -0.345597
-0.330078   -0.17592   -0.343833
-0.155569   -0.183112   0.495125
-0.0140659   -0.0156314   0.493797
-0.161089   -0.00459217   -0.33772
-0.0144206   -0.182277   -0.332908
0.172614   -0.177489   -0.494537
0.321837   -0.0222469   0.499025
0.160979   0.000620255   -0.332402
0.345488   -0.176335   -0.332474
0.467574   0.15471   -0.49624
-0.353666   0.328798   -0.48837
0.494777   0.327127   -0.324068
-0.320706   0.157861   -0.346767
-0.144547   0.163234   0.481639
-0.00284604   0.352891   0.495406
-0.17789   0.331538   -0.326217
-0.00708649   0.180583   -0.344196
0.161359   0.147301   0.499644
0.328973   0.32987   -0.493447
0.171282   0.34195   -0.330484
0.328431   0.161771   -0.307678
-0.49971   -0.489489   -0.171715
-0.326122   -0.330424   -0.172855
-0.490696   -0.298586   0.000882768
-0.344472   -0.4822   0.00760191
-0.164774   0.495817   -0.155957
0.0134588   -0.350728   -0.152201
-0.16998   -0.328002   -0.0157637
-0.00450911   0.491254   0.00780358
0.175353   -0.49928   -0.147802
0.338494   -0.340167   -0.141705
0.157692   -0.319946   0.0120033
0.33949   0.478192   0.00346734
0.491598   -0.16687   -0.179939
-0.333781   -0.0223228   -0.17872
-0.478197   0.00070372   -0.021744
-0.325972   -0.153075   0.0230266
-0.164897   -0.163046   -0.169954
-0.00792692   0.000683218   -0.188661
-0.154919   0.00429605   0.00775283
0.00548588   -0.144689   -0.0234672
0.169356   -0.167545   -0.17202
0.330064   -0.0040557   -0.163806
0.172803   0.0224799   0.00434989
0.339074   -0.164814   0.0166776
-0.481545   0.159041   -0.164617
-0.334682   0.330726   -0.168284
-0.487927   0.332997   -0.0069983
-0.339232   0.164512   0.0056295
-0.178357   0.170101   -0.150384
0.0054981   0.331846   -0.160198
-0.182598   0.345735   -0.00538336
-0.0103267   0.170183   -0.012587
0.160949   0.164814   -0.166731
0.334514   0.349429   -0.16907
0.167689   0.323721   0.00902848
0.341846   0.166479   -0.0162157
-0.494936   0.48263   0.159935
-0.341895   -0.322507   0.173339
-0.497146   -0.321343   0.320302
-0.336305   -0.479097   0.32519
-0.160215   0.495489   0.161067
-0.00713721   -0.327766   0.165745
-0.149549   -0.338116   0.330856
-0.00298875   0.48508   0.314671
0.158775   -0.492714   0.166925
0.348175   -0.349783   0.166515
0.193186   -0.333196   0.317801
0.355991   -0.497455   0.357646
-0.485618   -0.156234   0.170451
-0.340946   0.0122028   0.178659
0.493807   0.00313954   0.324216
-0.32654   -0.152051   0.345482
-0.171272   -0.150462   0.164973
-0.0151101   0.0289632   0.182198
-0.171503   0.00629469   0.337671
0.0167612   -0.205183   0.331715
0.131704   -0.148577   0.151479
0.318528   -0.00197523   0.173018
0.147274   -0.0300218   0.352999
0.33275   -0.180187   0.314658
0.497905   0.164844   0.156916
-0.331712   0.340747   0.148232
0.49132   0.34703   0.356982
-0.339808   0.185808   0.335052
-0.173575   0.172053   0.169125
-0.0155847   0.319217   0.155461
-0.165841   0.33887   0.324539
0.00803591   0.184587   0.327781
0.176872   0.168828   0.169896
0.34232   0.343234   0.175455
0.161635   0.338079   0.331537
0.321329   0.159124   0.338551
