0.707672   0.563683   1.22788
0.322433   0.122279   -0.308779
0.361238   0.165201   1.04538
1.19846   -1.52796   -0.577788
-1.21803   1.0519   -0.608873
0.563099   -0.836277   -0.429331
0.497655   -0.829775   -0.422509
-0.865407   0.969256   0.798841
-0.232495   -0.00362001   -1.04448
1.18989   -0.409698   0.803672
1.39921   0.366399   -0.578352
0.0332528   -0.397706   -1.28072
-0.255971   -0.813746   1.36934
-0.0426428   -0.00160134   0.0994681
-0.772231   -0.11238   2.03502
-1.54367   -1.15212   -0.00372896
-0.736847   0.250052   0.968021
0.130732   -0.576305   -0.886721
-1.1334   1.64715   -1.12299
-0.0528924   -1.18918   -3.24394
-0.0373385   0.357579   -0.186756
1.09424   -0.171644   0.334054
-0.815915   -0.0186257   -0.679636
1.14553   0.634653   0.521706
0.479217   0.0933081   -0.307989
-0.75604   -1.58033   0.458731
0.659692   -0.0398029   1.16783
-1.35085   0.309791   1.23834
1.13257   -0.198419   0.132336
0.116011   -0.513798   -0.479358
0.182711   0.924261   0.896503
0.397061   0.727838   0.6976
0.870264   -0.699456   1.18647
0.320166   -0.00567064   -0.0722801
0.185229   -0.925999   0.0627289
-1.02763   1.34664   -2.45513
0.27609   -0.689879   -0.680351
0.110478   0.304489   0.152322
-0.0603279   0.419061   0.220463
0.476166   1.8202   1.47276
0.825312   -0.545119   -0.62621
0.155241   1.20598   -0.278335
0.383176   1.59985   -0.761978
0.576169   0.62069   -0.468796
-0.0707726   0.253458   0.223558
-1.20967   0.327544   -0.912646
-0.770793   -0.153697   0.545289
-1.36031   1.49449   0.282361
0.576411   -0.468108   -0.234104
1.63796   -0.488232   -0.175196
-0.719844   -0.48171   -0.402897
-0.666734   1.67198   0.747224
1.08645   2.61124   -0.800023
0.14891   0.511469   -0.842491
-1.11273   -1.0544   0.99063
-1.31287   -0.364269   0.265087
2.59797   0.3   0.897834
1.00897   0.384828   -1.07701
-0.320262   1.35139   0.465792
0.218062   -0.351438   0.328746
-1.32788   0.468218   -0.647747
1.44903   0.249823   1.46862
-0.0559302   -1.80814   -0.588066
1.47924   -0.923942   0.742761
-0.256739   -0.0706168   -0.108994
-0.0971881   0.903488   -0.209385
-1.62002   -0.375666   -0.682036
-0.0518108   0.123022   0.863457
0.406381   -0.154817   -1.57963
-0.398189   1.10585   0.583684
-0.597413   -1.09349   -0.261376
-0.700208   0.343413   -1.55929
-0.38269   1.29354   0.661587
-0.0473779   1.40481   -1.39291
1.61214   0.647083   0.738335
0.148942   -0.611372   0.575504
0.0928096   -0.593013   2.21711
0.747529   0.290448   0.124664
0.222586   -0.74713   -0.204064
0.852866   -0.603176   1.33431
0.165558   -1.83446   0.967233
1.25489   0.599128   -1.33434
-0.543985   -0.296735   0.567693
0.205704   -0.380224   -1.51302
-0.0276608   0.227716   0.468308
1.25842   -2.06426   0.308495
-2.60527   -0.402344   0.0824354
0.870079   -1.48392   -1.08444
-1.47292   0.0224012   0.539257
0.351595   -0.0452918   0.115923
-0.244823   0.242461   -0.548165
-0.0563145   1.76844   -0.106872
0.723224   0.342819   0.548135
-0.4888   -0.308654   -0.794407
-0.248291   0.694236   0.221679
-0.0884639   -2.09399   -0.929408
0.669061   -1.29955   -0.197061
-1.53078   -0.547212   -0.653922
-0.433637   -0.118891   0.257675
-1.04544   -2.11776   -0.905855
0.291503   0.0593078   -0.542454
-0.744255   0.627265   -0.148574
-1.2071   1.69845   -0.0106895
0.484885   -0.0898882   0.631778
0.0424266   0.0600433   1.26146
-1.67785   -0.496149   -0.485548
-0.884246   -0.647035   2.39496
0.888366   0.230084   -0.873409
