-0.0327997   0.356028   -0.0418468
0.224641   -0.326673   0.219448
0.0496508   0.45512   -0.24409
0.0203275   -0.0200007   -0.245116
0.0869044   0.0229125   0.478
0.263641   0.362605   0.4452
0.106869   -0.13743   -0.376582
-0.311536   0.155418   -0.299755
-0.281373   0.407678   -0.25577
0.163481   0.13867   -0.18536
-0.455438   -0.0744042   -0.413646
0.161581   0.325789   -0.150858
-0.349238   -0.369326   0.349238
0.24924   0.276514   0.267673
-0.31703   -0.0945028   0.38457
0.466105   -0.349056   0.283766
0.423219   -0.216986   -0.315767
0.15993   -0.109234   0.14394
0.341389   0.0990396   -0.0930207
-0.114979   -0.490273   -0.16287
0.279379   0.431912   -0.255583
0.491555   0.0090224   0.40171
0.0922389   -0.189505   -0.155957
0.330475   -0.0143839   0.0670197
-0.159484   0.0586164   0.201356
-0.228188   -0.250193   0.144497
-0.23723   0.481236   0.431649
-0.115261   0.0229736   -0.419286
0.0549152   0.172525   -0.356549
-0.141692   -0.257157   0.350448
-0.254386   -0.348979   -0.0332545
0.0199002   -0.452113   0.0974893
-0.476858   0.444202   0.385999
-0.0441214   -0.396758   0.460774
0.131631   0.0914534   0.255452
0.493411   0.147519   -0.400276
-0.296878   0.163064   0.0813679
-0.432708   -0.444477   -0.45083
0.241818   -0.244559   0.0287352
0.315187   0.458173   0.283179
-0.345041   0.105737   0.463425
0.147435   -0.34153   0.459406
0.44575   -0.130886   -0.0988763
-0.395443   -0.482294   -0.111585
-0.220613   -0.35763   -0.27336
0.321548   -0.447259   0.499696
0.106974   -0.148549   0.35304
-0.109833   -0.199956   -0.134892
-0.105369   -0.442827   0.25684
-0.0184161   0.126022   -0.138377
0.290684   0.0681566   -0.349306
0.382276   -0.460285   0.0919708
0.461584   -0.33618   -0.0799292
-0.472623   0.359117   0.107634
-0.195715   -0.00514948   8.14531e-05
0.400022   0.138567   0.213058
0.1422   -0.00561252   -0.0273966
0.049686   -0.238485   0.0261528
-0.405626   -0.176876   0.233707
0.262193   -0.184361   -0.482192
-0.354817   0.297689   -0.497902
0.210957   0.416075   0.076536
0.451488   -0.00383705   -0.241331
-0.324138   -0.113151   -0.117479
-0.28117   -0.296635   -0.470558
0.0348382   -0.32277   0.286691
-0.0940245   0.132466   0.371294
-0.0348994   -0.0793096   0.0839008
0.263808   -0.101045   -0.197681
-0.392733   0.209447   0.260171
-0.0643453   0.279702   -0.244495
0.339839   -0.15902   0.263234
-0.347129   0.458749   0.241794
0.136019   0.442304   0.308877
-0.113803   -0.187768   -0.381289
-0.208515   0.0180762   -0.207609
-0.238227   0.450899   -0.027092
-0.00387525   -0.338077   -0.277787
0.480595   0.411324   -0.325996
-0.394339   -0.397255   0.10333
-0.389017   0.0868642   -0.132022
0.0275601   0.276486   0.235762
0.384637   0.373545   -0.0418108
-0.12843   0.42146   -0.356114
0.476711   0.257681   0.420452
0.487811   -0.243085   0.465184
-0.163832   0.217966   -0.45502
-0.431066   0.299219   -0.1707
-0.462533   -0.0198403   0.0628289
0.40888   -0.408448   -0.277692
-0.0868566   -0.0698933   0.391462
-0.280129   -0.135942   -0.325675
-0.083516   0.186321   0.0715466
0.216139   -0.422637   -0.103502
0.423025   -0.223206   0.11393
0.175897   -0.376385   -0.311962
0.104159   0.232834   0.447103
-0.396039   -0.273683   -0.231332
0.465889   0.188548   0.0277692
-0.137575   0.385032   0.128845
0.360996   0.242852   -0.209222
0.0994727   0.402793   -0.438455
-0.215921   0.308478   0.324132
0.234844   0.276209   -0.366385
-0.227932   0.213459   -0.0986991
0.184426   0.177448   0.0553142
-0.056162   0.374643   0.449262
0.28307   -0.000762539   0.404207
