-2.02722   -2.42305   1.25291
-0.732477   0.359046   -0.292468
0.354272   -1.697   0.467502
1.69175   1.55239   0.28438
-2.74931   0.299285   -0.684611
1.06456   -0.353103   -1.90352
0.0646197   -0.526663   0.983365
0.172424   -1.52553   0.435779
1.50549   -0.491712   -1.42343
-0.539809   -0.0390961   -1.30281
0.513913   0.243852   -0.458326
-1.42769   0.0868638   -1.8301
-1.02968   -1.3172   -0.627083
-0.308362   0.997419   -0.865832
1.80554   1.18355   -1.39815
1.58795   0.346158   -0.592587
-1.36076   0.142073   -0.820452
0.0560684   0.169272   -0.624016
1.56899   0.331732   -0.356921
1.13561   0.217755   -0.184142
1.275   -0.274396   0.444675
1.01446   0.0198983   -0.384107
0.229596   -0.150641   -0.160258
0.0133184   -1.83317   -0.689308
0.690921   0.0934396   -1.50963
-2.6096   -0.768384   -1.74739
-0.829846   -1.1087   1.57783
-2.00812   -2.33059   -0.373556
-0.160826   0.629757   0.166833
0.564989   -1.85281   0.530384
-0.0520764   0.271127   1.29752
1.31467   -0.655053   0.950665
0.725967   1.71147   0.372229
0.5971   -1.80126   0.494994
0.966764   0.417805   -0.518381
-0.137362   2.36495   -0.564103
0.338279   1.43252   -0.749685
-1.0357   0.548723   -0.395396
1.82585   -0.0376182   -0.189296
-1.38391   -0.88432   0.558202
-0.578943   0.390328   -0.00469277
1.1549   1.19507   -0.196247
0.362678   -1.56358   1.7859
-1.02425   -0.542546   -1.35244
0.0822976   1.41375   0.43163
0.328217   -0.520821   1.15389
0.71777   0.10252   -1.7146
-0.00191526   0.21413   -0.916745
0.0984591   0.0941667   1.30537
-1.01063   0.982372   -0.0822024
0.418351   2.8729   0.5319
0.629268   -0.784086   -0.680216
2.5712   -0.480305   -0.404019
-0.281477   -1.1784   -1.97181
-1.68016   0.27889   0.499196
-0.854695   1.31591   -2.01274
2.40363   0.785429   0.210783
-0.964665   0.293156   0.246663
-0.261537   0.167673   1.94383
-0.108859   1.43544   1.78714
-0.632962   -0.852165   -1.52043
0.708156   -0.162071   1.2036
0.0976915   1.51745   0.0375236
1.97151   0.0681137   0.498782
1.23477   0.480752   0.405089
0.227734   0.569984   0.567606
0.427797   2.24465   -1.43493
-0.391288   -0.190003   -0.452107
-1.16463   0.403162   0.380613
0.847246   -0.534205   0.737477
1.08466   -1.24812   -0.453481
0.694399   0.587078   0.18059
-0.267699   0.63198   0.21181
0.850377   -0.606374   -0.703783
-1.26032   -0.561721   1.137
-0.388843   0.0330709   -0.313609
-1.39731   0.093672   -1.89006
0.388775   -0.407713   -0.327387
-0.0621334   -0.321524   1.18032
0.673248   -0.369112   1.18781
-1.19571   -1.20448   1.85451
-0.843612   -0.679814   0.763106
-1.80447   -0.841339   -0.702049
-1.33515   -0.320515   0.202441
-0.581478   0.520478   -1.84563
-2.3164   0.66267   -0.00128744
-0.485869   -0.55346   0.356855
-0.296071   0.231905   0.798895
0.397614   0.22025   0.448016
0.709091   -0.839754   -0.157194
0.351558   -0.508527   1.13881
0.415848   1.48772   0.501702
-0.559605   -1.57025   0.848061
1.18764   1.76584   -0.342221
-0.0597124   -0.729975   1.98091
-1.72295   -1.17024   0.611351
1.21587   -0.873606   1.36147
-2.14531   0.0656109   -1.98265
-0.0745321   1.48034   0.964452
0.0916484   1.20304   -0.509627
-1.10775   -0.0688774   1.6877
1.71659   -0.675397   -0.7377
0.756769   0.299141   0.837355
1.73043   0.422849   0.723917
-0.698684   -0.82226   0.390079
0.214708   -0.388998   0.28478
-1.19602   1.11404   0.785153
-0.690599   0.575912   -0.625911
