0.215238   -0.258315   0.108522
-0.355138   0.170999   -0.166899
-0.0156426   0.112891   -0.0838086
0.350819   -0.0891597   0.133734
-0.292681   -0.148077   -0.211954
0.329626   -0.450414   -0.136005
0.0116179   0.002808   -0.299207
0.472604   0.34053   0.47036
0.229775   0.397124   -0.138758
0.185561   -0.44018   -0.101976
-0.399148   0.429354   -0.0912104
0.471448   -0.398593   -0.0630304
-0.152018   0.212341   0.0140775
0.153773   0.128241   0.00814502
0.311096   0.093707   -0.350781
0.0608729   -0.234982   -0.00504678
0.396762   0.440667   0.40265
0.109218   -0.333823   0.0874795
0.280705   0.449222   0.380095
0.427148   -0.0800842   -0.155959
0.433216   0.465851   -0.0961092
0.301958   0.265261   -0.0887757
0.302386   -0.253287   0.0414227
-0.176118   -0.426413   0.232651
-0.101306   -0.467301   0.00611013
0.395177   -0.283116   0.332666
-0.0754523   -0.397569   -0.0485833
0.331711   0.0991008   -0.485296
0.00117869   0.172507   0.287929
-0.382926   -0.0422348   0.170507
0.407118   -0.436941   -0.427493
0.00797779   0.20681   0.0665311
0.163075   -0.149653   -0.381502
-0.219901   0.394835   0.160985
0.27387   -0.257403   -0.17123
0.486203   0.207311   0.424545
0.344184   -0.0641408   0.422337
-0.203591   0.075729   0.46292
-0.339689   0.115445   -0.0125461
-0.474915   -0.496235   -0.35341
0.259409   0.0212151   -0.125927
0.199631   -0.242302   0.325837
0.0112619   0.461781   -0.481137
-0.188904   -0.0406192   -0.0853855
0.000879464   0.194177   -0.323783
-0.176265   0.404094   0.053904
0.445034   0.266484   0.486238
-0.0587443   -0.055235   0.113576
-0.409089   0.430196   0.0514352
-0.114602   0.350806   -0.202302
-0.377785   0.376509   -0.453075
-0.331297   0.0202309   -0.374304
-0.446774   0.0692591   -0.0645395
-0.247855   0.232404   0.0252648
-0.160621   0.491316   0.140781
0.00212906   -0.275894   0.407457
-0.188288   0.163311   0.0676395
-0.248846   0.20339   -0.0739856
-0.147505   0.14067   -0.0783757
-0.053115   0.326641   -0.0963192
-0.384057   0.0941454   -0.130369
-0.11357   0.0513677   0.0345037
0.393413   -0.237043   0.0959165
0.169376   -0.499693   0.138915
0.388784   -0.4583   -0.0609317
0.0254884   0.499091   0.144231
-0.466264   -0.247291   0.365655
-0.00885719   -0.197612   -0.203815
-0.30839   -0.201531   0.264016
-0.377755   0.28408   -0.475423
0.33348   -0.183341   0.468154
-0.352198   0.0129194   -0.286284
-0.131061   0.0990429   -0.303902
-0.326097   0.257003   0.0133416
0.128388   0.375522   -0.28211
-0.23887   0.323685   0.2489
-0.102615   -0.0368972   0.0391499
0.100127   0.0639135   -0.321354
0.355716   0.221334   -0.288598
-0.151391   0.0463831   0.336513
0.455557   -0.262164   0.388491
-0.175458   -0.0118303   0.00384498
0.314829   -0.0731872   0.494614
-0.101846   0.0577648   -0.37434
0.214414   0.491211   -0.148519
0.00562226   -0.470725   -0.425359
-0.208905   0.0747703   0.123225
0.214673   0.318151   0.0379018
-0.0897616   0.216432   0.0904537
0.492803   -0.425749   0.201861
0.401926   0.176185   0.389701
-0.324509   -0.2024   -0.478209
0.365424   0.236623   0.430856
0.14011   0.151853   -0.200498
0.212101   0.0610887   -0.471869
0.00748343   0.0869935   -0.404786
0.0946523   -0.0112819   0.175771
0.370244   0.282495   0.201279
0.252763   -0.455394   0.291646
-0.0844379   0.13124   0.00314856
-0.421029   -0.122947   0.0911484
-0.305533   0.165714   -0.372759
-0.353899   0.0448817   0.301327
0.243601   0.325441   0.116642
0.191401   0.0263511   0.0454926
-0.376188   -0.0332036   0.433228
0.427983   0.177833   0.482869
0.0678851   0.165831   0.119252
