0.267583   0.0603466   -0.542488
-2.58052   0.586722   0.79079
-0.512954   -1.23253   -0.472751
1.05152   0.320937   -0.00758142
-0.380906   -0.798793   -0.267193
-1.15126   0.388592   -1.46079
-0.411105   -1.80185   1.40907
-1.54423   -1.14879   0.701716
-0.0830766   0.202261   1.35609
-3.72134   0.851603   0.215703
-0.407326   0.615755   -0.0917829
1.69858   0.113957   -0.425954
1.6265   0.654148   0.940262
-1.97925   -1.01888   -1.63945
-1.74169   0.346831   -1.46617
-1.38305   -0.787696   1.01384
3.12844   -1.4522   1.08081
2.15402   2.4159   0.792082
-1.19337   -1.15025   0.996963
2.26767   0.322782   0.613085
-1.08478   0.871459   0.0983946
-1.80226   -1.71814   -2.73628
0.405041   -0.7915   -0.625524
1.06181   1.08861   0.946802
0.468095   -1.59424   -0.528813
-0.0541564   -0.12667   0.173103
0.829286   -0.968305   -1.27886
0.579302   -0.435774   -1.69687
-0.505224   2.34933   0.0679486
-0.168607   -0.116788   -0.124612
1.13589   -1.01841   -1.24777
-0.928251   1.894   -0.42263
1.30943   -1.99132   1.30909
-0.206839   -1.64185   1.80686
-0.182713   -0.0965128   1.45591
0.197161   3.00232   -0.168456
-0.0115527   0.0304012   1.62132
-0.11498   0.291105   -0.106898
0.0775882   -0.655413   0.124541
1.51514   0.65053   -1.57164
-1.2081   -1.14687   0.737781
-1.64658   -0.014416   -1.39948
-2.23793   -0.0298111   -0.629231
0.759787   1.97597   -0.561316
1.24428   1.11807   -1.6647
0.260036   1.39256   -1.20171
0.104449   -0.504164   1.90422
-0.273826   -0.714333   -1.10726
1.12526   3.13992   0.710561
-1.37859   0.933226   -0.485394
2.20492   -0.363051   -0.905448
2.3497   2.17261   0.516317
-0.118949   1.4823   1.37448
1.04803   0.571285   -0.0657586
0.103347   -0.379427   0.494193
0.363493   1.74892   0.836895
0.434721   -0.601807   -0.308871
-0.225105   0.543955   -0.363902
-0.130994   -1.50629   -1.2904
0.0434576   -0.150058   -0.642289
-1.33263   -0.901044   2.58824
-1.29762   1.45002   -0.0356868
1.28256   -1.41379   0.578202
-2.75299   -0.443647   -2.02742
-1.41628   2.17079   1.25115
0.126263   -1.61812   -0.657331
-1.31178   -0.910138   0.387519
2.04628   1.52038   0.449857
1.96509   0.273092   -1.94735
0.655533   1.90616   -0.202419
2.09043   -0.0562698   0.772639
0.0851648   -1.15979   0.493103
-0.868708   -1.97118   2.34284
-0.876316   -0.113233   -1.38226
0.925355   1.00856   -0.222998
0.877773   0.552595   1.37941
-1.61099   0.12725   -0.678147
0.532315   0.518907   0.995741
0.467272   -1.01029   0.468955
1.82675   1.10481   -2.30482
-1.70667   -2.13458   -0.254793
0.188633   -2.41002   0.630058
0.741349   -0.518221   2.25663
1.802   -0.336872   -0.654405
-2.48141   -1.52349   -1.05416
0.416879   -0.628777   2.0386
2.08201   -1.16796   -0.131192
0.484342   1.62434   0.0410361
0.876098   0.399952   1.3425
1.11808   0.396286   -0.807316
-2.13297   -1.21986   1.20142
0.532734   -0.5515   0.152964
-0.558883   -1.14405   -1.87362
1.91126   -0.117732   0.321369
-0.340276   -0.351694   0.545031
-1.37606   -1.53009   -0.537189
-0.512287   -1.02499   1.6877
-1.51326   -0.328329   0.0332922
-2.28479   0.677755   -1.5871
0.78678   0.223135   -0.958759
1.12548   -0.891271   0.122299
-0.358667   2.61552   -1.55842
0.737216   -0.2355   1.00954
-0.405566   1.4982   0.145492
1.53158   0.656894   -1.32678
1.14703   -0.456587   -1.71751
-2.10212   1.50538   1.66567
-1.56698   -0.241279   0.437836
