-0.477585   -0.499478   0.487854
-0.333783   -0.347255   0.495997
-0.495632   -0.327672   -0.361038
-0.340419   0.482801   -0.338241
-0.160481   0.49755   -0.479272
-0.00192992   -0.343057   0.496711
-0.153498   -0.34304   -0.344396
0.00606424   -0.496071   -0.326909
0.171709   0.496123   0.49708
0.33091   -0.325439   0.482222
0.160213   -0.323171   -0.341993
0.358256   -0.48034   -0.335627
-0.474077   -0.159889   -0.49737
-0.330104   0.0251355   0.494723
-0.482687   0.00283573   -0.334685
-0.320815   -0.177623   -0.345972
-0.16801   -0.162811   0.472327
0.00770812   0.0193932   -0.491345
-0.163467   0.00629304   -0.347305
-0.015445   -0.161403   -0.358093
0.16528   -0.171579   -0.496362
0.34508   -0.000624302   0.497876
0.184001   -0.0107003   -0.330858
0.327346   -0.161055   -0.323446
0.496302   0.175479   0.499187
-0.344512   0.312174   -0.488057
0.49648   0.332733   -0.336447
-0.337021   0.168206   -0.325784
-0.162242   0.165619   -0.494154
-0.00234918   0.324446   -0.489778
-0.174636   0.3249   -0.310135
-0.00873873   0.179205   -0.324634
0.174875   0.164152   -0.482615
0.334198   0.336821   0.492664
0.167905   0.334618   -0.343022
0.344053   0.15803   -0.347859
0.498152   0.495636   -0.155594
-0.343437   -0.34486   -0.172829
-0.486417   -0.32898   -0.00402296
-0.346901   -0.496829   0.00410186
-0.188934   0.492645   -0.154734
-0.0228676   -0.352351   -0.178654
-0.18157   -0.343405   0.0175163
0.00369773   -0.498996   0.022279
0.165376   -0.490421   -0.190837
0.333686   -0.338356   -0.163097
0.160546   -0.345032   0.00524811
0.311988   0.487562   -0.00986418
-0.489759   -0.163791   -0.183669
-0.335926   -0.0148739   -0.178182
-0.469224   0.0217225   -0.00885797
-0.348192   -0.168088   0.00562005
-0.186576   -0.182369   -0.168962
-0.00604621   7.36231e-05   -0.171927
-0.188138   0.00309903   0.0307318
-0.0221905   -0.155667   -0.0137733
0.131662   -0.181323   -0.161791
0.363263   0.0200471   -0.173901
0.161091   0.0210607   0.00709516
0.342804   -0.164658   -0.0273579
0.494706   0.171046   -0.181571
-0.348161   0.336816   -0.161721
-0.49667   0.32437   0.00161281
-0.322205   0.195682   -0.00130748
-0.170188   0.151922   -0.158211
0.00470496   0.33268   -0.150285
-0.159168   0.328949   -0.00153725
0.00972873   0.166443   -0.00299733
0.17864   0.151119   -0.173982
0.311501   0.315357   -0.1776
0.157721   0.328242   0.0113573
0.340198   0.160043   0.0147014
0.473372   0.498424   0.162799
-0.337119   -0.334066   0.173977
0.487999   -0.341769   0.325282
-0.339904   0.498594   0.321308
-0.172665   -0.496944   0.169883
0.00923111   -0.328274   0.178964
-0.170074   -0.323727   0.323121
0.0106367   0.489648   0.351207
0.175254   -0.492557   0.172449
0.326766   -0.330357   0.147719
0.156547   -0.334806   0.332731
0.33408   -0.490293   0.337078
0.491955   -0.183299   0.152002
-0.331737   -0.0036336   0.1988
-0.491227   -0.0115524   0.338866
-0.344913   -0.168474   0.334945
-0.160859   -0.165991   0.178806
-0.00273935   -0.011344   0.183789
-0.175332   0.00802112   0.343948
0.00346624   -0.161247   0.342201
0.178035   -0.169786   0.138069
0.339966   -0.023094   0.134768
0.18901   -0.00465257   0.333368
0.324806   -0.180795   0.315838
-0.467118   0.184131   0.157877
-0.316061   0.344578   0.182025
0.488199   0.355104   0.346404
-0.331733   0.190614   0.342272
-0.169793   0.179492   0.184091
-0.00915414   0.329708   0.191841
-0.16133   0.357403   0.345921
-0.00881562   0.159115   0.351809
0.171496   0.180213   0.164808
0.330126   0.345102   0.166311
0.184288   0.3251   0.340625
0.335494   0.16159   0.319859
