-0.934943   0.0863974   -1.28713
-0.738552   0.190515   -0.617904
-1.14535   -1.52059   -0.208731
-1.24597   0.120498   0.375764
-0.483506   -0.544522   0.255522
0.419836   0.272826   -0.523717
-0.274038   0.250601   0.646322
-0.984518   -1.19025   -0.757266
-0.847309   -0.503093   -0.373616
0.0936695   -0.311759   1.02046
-1.09896   -0.296486   -0.734595
0.61698   -1.33594   -0.547683
-0.475297   -0.713892   -0.859017
0.379256   0.290343   1.44679
-0.750832   0.969012   0.190354
-1.01845   1.14986   -0.244177
-0.735462   0.776869   -0.738182
0.530048   1.44014   -0.119302
-0.123275   0.0196148   -0.197872
0.702413   -2.3488   -0.558185
1.72718   0.791597   0.241209
0.13554   0.780838   0.408415
0.583238   -1.16421   0.197626
0.0386365   -0.512597   0.122173
-1.0534   0.353605   -0.209162
-1.05531   -1.23028   -1.21004
-0.0879085   -0.666749   -1.10135
1.52223   -1.53579   -0.349949
-0.425598   0.827522   0.533791
1.05301   0.359276   -1.03117
0.846355   -0.262309   -0.794439
-0.0612867   0.0610719   -1.46983
-0.132904   0.557586   -0.396836
0.0050623   0.317258   -0.922109
0.343742   2.33055   -0.511962
0.175119   -1.36869   -0.910556
0.616449   0.427955   -1.04745
-0.360982   -0.707001   -1.2978
1.92216   0.182833   0.275497
-1.30694   0.617161   0.24727
-0.00990289   0.581246   1.56315
0.536943   -0.780839   0.184606
-0.222181   0.0861232   0.303416
1.30992   0.793726   0.232259
0.960419   -0.0935441   0.890602
1.04484   0.549432   -0.365399
-0.321666   -0.358625   0.214363
-0.261232   -0.0538345   -0.223863
-0.717521   0.560634   -1.83895
-1.13601   -0.23922   1.01322
0.00508116   1.35348   0.445355
0.415785   0.979261   0.262453
1.35528   -1.03826   0.871158
-0.242309   -0.988984   0.864438
-0.629065   -0.0942898   0.596543
-0.557824   -0.304025   1.11818
0.304643   -0.507819   2.6995
0.90015   -2.47684   1.47493
-0.86656   1.29448   -1.00361
-0.354627   0.67783   -1.06792
0.731121   -0.0462039   -0.467659
-0.25564   0.118448   0.98584
0.61449   -0.62416   -1.8433
-0.440981   0.827613   -1.71821
-0.100176   1.02813   0.145755
-0.0525543   -0.567515   0.320082
0.439017   0.414068   -0.378219
0.732277   -0.00567007   0.861987
-0.402308   1.19789   1.03266
1.6364   0.784471   0.681017
-0.126866   -0.952881   0.361478
-0.681506   -0.0207935   0.0725803
1.32713   -0.777164   -0.756059
-1.01465   -0.315278   -0.102083
0.326985   0.0963176   1.15678
0.510654   0.601109   0.117043
-0.199633   0.49701   0.0232244
0.445123   0.968951   0.0623348
0.474228   0.306516   -0.543864
-0.767285   1.31699   -0.0983515
-0.660538   0.957254   0.165642
-0.225984   1.44116   0.0454005
1.39808   -2.0059   0.221594
-0.070233   0.269799   0.44686
0.635148   0.820022   0.167955
0.538993   -0.969407   -0.825671
0.478879   0.795782   0.306115
0.46526   -1.16546   0.371169
0.504962   -0.0885122   0.322613
-0.947303   0.54364   -0.415548
-1.40309   -1.06831   0.735606
-0.711376   -0.802278   -0.0125279
0.356517   0.810626   0.541291
1.37946   0.197746   -0.0035287
-0.555213   -0.0532782   1.9978
0.928502   1.58638   -0.160482
0.115705   0.0515943   0.626582
-1.00384   0.952253   -1.57381
-0.501905   -1.89825   1.96135
1.1122   0.380103   0.325368
-0.302555   0.73975   0.177889
0.660025   0.465355   -0.477465
-1.38343   -1.25366   -0.357155
-1.52534   -0.118378   -0.0296211
-0.162745   -0.387346   0.596419
0.135281   -1.09384   -0.792304
-0.382636   -0.610671   -0.0681274
0.0470545   -0.244922   0.617949
