-0.00938765   0.356197   0.0656703
0.456339   -0.0230789   -0.204292
-0.381123   -0.150277   -0.151995
-0.0351981   -0.084488   0.095682
-0.338072   -0.140366   -0.0780317
0.178557   0.498541   0.382071
-0.114356   0.497302   0.104673
0.0547628   0.0161217   0.252927
-0.273768   0.208646   0.155112
-0.096637   -0.49374   -0.376619
0.252658   0.148907   -0.0106528
0.348413   0.301789   0.315867
0.124974   -0.0794851   -0.388619
-0.0114052   -0.34892   -0.336802
-0.360065   -0.482136   -0.0801387
0.32394   0.0763856   -0.100139
0.470157   -0.255416   0.300473
0.242086   0.196807   0.0766524
-0.309976   0.313532   0.243292
-0.362769   -0.404537   0.283559
0.425011   0.0472453   -0.420203
0.0247732   0.203555   -0.124367
-0.0353136   -0.0247641   0.251105
0.127854   0.094436   -0.364669
0.0573653   0.2118   -0.0384401
0.432091   0.158951   0.0191824
0.423538   -0.343235   -0.0601075
-0.226687   0.281546   0.119217
0.476125   0.0115033   -0.319079
0.319095   0.461102   -0.445191
-0.303529   0.211852   0.468236
-0.0271662   0.159764   -0.396095
0.429983   0.281472   0.00885417
-0.330092   0.438685   -0.439914
0.174016   -0.223355   0.398408
-0.402582   -0.17215   0.494628
-0.103214   -0.343366   0.37722
-0.066971   -0.443581   0.374106
0.379484   0.303413   0.207603
-0.341047   -0.447706   -0.00152629
0.200964   -0.32846   -0.435701
0.424953   0.3878   -0.485548
0.116698   -0.197203   0.311848
0.165766   0.400969   -0.279856
0.109926   0.370161   -0.192505
0.0767049   -0.286724   0.0649134
-0.226377   -0.436666   -0.452695
0.0168312   0.26011   0.394469
0.421743   -0.122797   -0.444066
0.40029   0.392757   0.203271
-0.48109   -0.107137   -0.295618
-0.385542   0.0606553   -0.202465
0.0676673   -0.469358   -0.131437
0.287969   -0.455983   -0.393968
0.287479   0.329447   0.250372
0.0514615   -0.1945   -0.414967
-0.436348   -0.128738   -0.0181412
0.316288   -0.345146   -0.23025
0.0179255   -0.36335   0.289021
0.470849   -0.0756502   -0.387685
-0.327999   0.406334   0.188085
0.303527   -0.322512   0.241462
-0.13971   -0.225315   -0.286985
0.254168   0.440658   -0.347846
-0.186361   0.4489   0.39212
0.198787   0.274364   0.0919753
-0.413562   0.487022   0.0291666
-0.137513   0.33194   0.147204
0.261817   0.383752   0.170061
-0.304095   0.121758   -0.46185
-0.0244727   -0.22843   -0.222957
-0.30884   -0.0288438   0.161343
-0.397953   -0.295714   -0.365448
-0.26103   -0.430097   -0.224232
-0.159875   0.374504   0.347361
0.371573   -0.254514   -0.243313
-0.498774   -0.153771   0.235539
0.396458   -0.188774   -0.317338
-0.404042   -0.446495   -0.214488
-0.0190163   -0.16636   -0.0491084
0.174618   0.216088   0.0312305
-0.234439   -0.0383822   -0.256216
0.257239   -0.486489   -0.134435
-0.176265   0.287982   0.378327
-0.0343378   0.216158   0.349814
0.404837   0.489754   0.482933
-0.0784537   0.323305   0.439773
0.274013   0.0161708   0.449068
0.468849   0.147047   0.454333
0.452643   0.320811   0.336506
-0.339808   0.0881784   0.0384054
0.111184   0.294973   -0.45745
0.00453779   -0.277248   -0.171085
0.15511   0.200469   -0.282385
0.280199   -0.236341   0.340315
0.0156564   -0.236577   0.209075
0.275416   -0.100226   0.129888
-0.0170735   -0.131714   0.211767
-0.302249   -0.127973   0.100318
0.0346311   -0.122941   0.125737
-0.134175   0.124354   -0.103292
-0.426108   -0.0356239   0.0383089
-0.0921104   -0.435285   -0.126124
0.174632   -0.164882   -0.0876698
-0.0487519   0.495749   -0.0778635
-0.183466   0.072174   -0.152642
0.281743   0.438658   0.225355
0.00282141   0.424267   0.430614
