0.817945   1.25985   0.277832
-0.149932   0.99792   -0.584035
-0.88254   -0.764684   -0.0712586
-0.330166   -0.448262   -0.146513
-0.230981   -1.39275   -0.566023
-2.43992   -0.438686   -1.07884
-3.13962   1.37737   0.998714
1.80837   1.32458   0.518221
0.893746   -3.88467   0.480773
-0.051769   -0.113373   1.27305
0.731083   0.409707   -0.910851
0.921629   0.324734   -0.220517
-1.23164   0.354802   0.611679
0.155331   0.0662588   -0.475491
-1.37476   -1.39349   -0.0800414
-0.0118484   -1.12597   -1.03262
-2.13801   -0.66423   -1.15951
-0.399997   -0.379489   -0.719102
0.574114   0.630083   0.629976
0.392358   -0.623262   0.142932
-1.41159   -0.574508   0.232022
-0.278837   0.67512   -1.4362
-0.632613   0.172428   -0.715982
1.36051   -0.550993   1.3517
1.25169   3.18954   -0.500914
1.01525   -0.143041   -1.68151
-0.164563   0.934239   -2.10942
0.411847   -0.862328   0.340508
1.037   0.51384   0.844776
0.365803   -0.0943616   0.671232
0.674294   -0.80561   -0.0605109
0.000403574   2.2613   2.47055
0.538065   -0.563841   0.90757
0.489776   0.37149   0.618518
-1.95706   1.81871   1.17986
0.621562   0.475813   0.491621
0.710402   0.995618   -1.19744
-0.241874   -0.651299   0.411451
0.0588121   0.135339   -0.0728538
-0.206707   0.118464   2.1008
1.24338   -2.31853   -0.965626
-1.65939   0.519649   -0.742124
-0.372941   -0.945467   -2.06466
-0.348975   -1.19961   -0.515085
-1.72725   -2.20065   -0.463659
-0.662431   -0.040267   -1.21843
-0.702297   -0.384246   -0.856881
-0.17796   0.634574   0.415972
2.36737   -0.245055   0.633347
1.55046   1.45933   -0.242799
-0.414176   -0.464473   0.289573
1.89423   0.773549   0.218999
0.518634   0.270797   0.76873
-0.418448   -0.805643   1.1832
-0.941725   -0.846554   0.937665
-0.527233   0.17313   -0.605549
-0.400711   -0.572518   1.13977
-1.56759   1.32425   -1.22802
-0.32134   -0.769398   -0.112501
1.30371   -0.223134   -2.29445
-0.775671   -1.17643   -0.0558895
0.209345   -0.0525835   -1.17023
-0.33473   -1.24416   1.38194
1.10939   -1.71452   3.22421
0.858649   -0.990401   -1.05302
2.30627   -0.810399   -0.270456
-0.40185   -0.703123   -0.375915
1.67192   1.6491   2.06104
-0.453903   1.15631   0.065869
0.692679   -0.275891   -1.63794
-1.02936   1.68687   -0.203448
0.377522   1.85645   -0.0559126
-0.525484   1.12712   0.293532
0.502554   1.31404   1.29938
-1.875   -1.18042   0.271099
-0.621283   0.13948   1.41575
-0.268686   0.638345   0.87892
0.145099   -1.81417   0.48713
1.37345   2.22918   -2.20812
0.351689   -1.51644   -2.09111
-0.213404   0.307502   -0.313319
0.774175   -1.88011   1.17603
-1.74494   -1.00025   -1.43053
-0.336584   0.195799   -0.286292
0.687424   0.797092   -2.01177
-0.361733   1.95331   -0.829209
-0.926932   1.20413   0.536475
-0.874113   -0.351139   -1.47782
-0.219385   1.8339   0.122165
-1.07223   0.458461   -0.881134
0.290487   -0.0677213   0.830403
-1.75068   -1.02792   1.0353
1.43384   -0.187651   1.71477
0.345864   0.160187   -0.652337
-1.24631   -1.56106   1.54452
0.383626   1.19394   0.920493
1.98403   1.78682   0.682357
-0.112504   -0.309321   -0.767205
1.03687   0.964263   0.944217
2.66222   -0.466246   -1.46719
-0.727863   0.183393   -0.192968
-0.446834   -0.217815   0.737253
0.0623749   -0.554853   -0.288649
1.46149   -0.633131   1.04564
-0.0972066   -0.669829   0.0727971
-0.717135   0.0761986   0.797677
-1.39499   0.191961   0.784947
1.61696   0.229627   -0.615092
