-0.0391941   0.0250641   -0.0840965
0.141127   0.0106196   -0.342305
0.248222   0.471638   0.111866
-0.303643   0.055686   0.447841
-0.288123   0.197751   0.268895
0.0858344   0.397788   0.392437
0.14949   -0.40956   -0.227489
-0.219172   -0.134472   -0.163227
-0.184613   -0.212375   0.293185
-0.316533   -0.159835   -0.484021
0.00246145   -0.262314   0.318871
-0.465458   0.304128   -0.268095
-0.421944   0.407684   -0.472176
-0.273689   -0.445004   0.201201
0.204322   -0.267587   0.450034
-0.374173   0.111132   -0.174628
-0.456229   0.156253   -0.387709
0.117543   0.472605   -0.0329139
0.34711   0.25457   -0.268219
0.429464   -0.458929   0.200399
0.19491   0.116069   -0.176155
-0.105718   0.364534   0.247309
0.363879   0.312319   0.209299
0.389023   -0.11514   -0.16014
0.0706297   -0.161392   0.114814
0.0245949   0.357298   -0.334184
0.437371   0.0654327   -0.193323
-0.460338   -0.12678   0.0848879
0.100423   0.0110383   0.0625712
-0.293516   -0.484523   -0.193989
0.0755828   0.0301261   0.469034
-0.125803   0.0490485   0.10695
0.143048   -0.223936   -0.322081
0.000823174   0.189585   0.180075
-0.0578855   -0.0173257   -0.296649
0.0686394   0.176947   -0.0269467
0.318421   -0.303347   -0.215432
-0.11821   -0.302187   -0.326658
0.356316   -0.192075   -0.432978
-0.488565   0.141063   0.24454
-0.311448   -0.296837   -0.295202
-0.0946553   0.141393   0.360405
-0.246818   0.054928   -0.0511364
0.217501   -0.275904   0.189107
0.00332855   0.163283   -0.26436
-0.0864397   0.362982   -0.498584
0.284038   -0.0585897   0.414348
0.478571   -0.396749   -0.162846
0.181293   0.308763   0.239987
-0.29865   0.303354   -0.0983565
-0.423172   -0.366018   0.329243
-0.424676   -0.108173   -0.120433
0.41612   0.0625544   0.0493636
-0.120559   0.258835   -0.00717929
-0.0666796   -0.193594   -0.0323429
-0.122457   -0.498003   -0.315956
-0.499753   -0.348762   0.0474438
0.278492   -0.395281   -0.405234
-0.0941242   0.409735   -0.113091
-0.272954   0.340142   0.109499
0.178122   0.205329   -0.392392
0.474964   0.0265109   0.457699
-0.267953   0.360336   -0.340653
-0.164768   -0.285699   0.490487
-0.273202   -0.226323   0.0814087
0.325072   0.0729915   -0.436839
-0.192893   0.205951   -0.241512
0.300482   0.395153   0.486185
0.27122   0.116432   0.187998
-0.11324   0.148891   -0.42571
0.0399527   -0.357842   0.024813
-0.28374   -0.467131   -0.431108
0.22596   0.421806   -0.333268
-0.262546   0.0156433   -0.336778
-0.286757   0.465906   0.385378
0.377565   -0.26179   0.345003
-0.11786   0.471781   0.0875723
-0.494122   0.267193   0.0705649
0.150795   0.337532   -0.157269
0.0466077   -0.479924   0.213097
-0.0815469   -0.456626   0.36833
-0.279903   0.274851   0.462802
0.230862   -0.478871   0.340352
-0.455374   0.375609   0.293566
0.282245   -0.0748236   0.00481773
0.421097   0.247337   0.447823
-0.156717   -0.0660865   0.419295
-0.397563   -0.143877   0.288917
-0.377176   0.476904   0.0110054
-0.391982   0.0770112   0.0629734
0.243921   -0.375105   -0.0221761
0.229811   0.192755   0.411619
-0.363422   -0.296394   -0.107966
0.0656579   -0.405656   -0.440232
0.433516   0.4757   -0.316118
-0.272398   -0.0117923   0.198377
0.119926   -0.159936   -0.0837005
0.490029   -0.303521   -0.353103
0.436518   0.237391   -0.097974
0.410703   0.461247   -0.0215209
0.493082   -0.0605288   -0.352544
0.257835   0.263185   0.0184921
0.368768   -0.0963201   0.212142
0.416693   -0.454354   0.402824
-0.0976678   -0.345296   0.156495
-0.18264   -0.370312   -0.0464734
0.124434   -0.119665   0.315622
0.0242435   -0.165233   0.496207
