-2.09168   0.025164   -0.0448581
-0.277683   0.980986   -0.395856
-0.451074   1.33538   0.34877
1.60094   1.32685   -0.965511
-1.19197   2.75859   -0.929242
-0.576727   -0.694938   -0.84627
1.63999   -1.84008   -1.67396
1.03191   -1.50948   -0.805062
-2.61779   -0.902794   0.0710323
0.845494   0.125677   0.0411524
-0.716495   0.0344797   0.582142
-0.33812   0.89971   1.84018
0.674942   -1.22125   0.0354418
0.368012   0.989867   -0.568525
0.655231   -1.1478   -1.30609
-0.751398   0.399634   0.513122
0.755419   -0.0789369   -0.0825908
0.268757   -0.629685   -1.21886
-0.127539   0.584109   -0.895492
1.0654   0.411432   2.25401
0.965917   -0.0943149   -2.28881
0.143571   0.824025   0.104638
1.41379   -1.00672   -0.429712
-1.33588   0.758984   -2.27528
-0.0675458   -0.778164   -0.579407
1.14484   1.62234   1.10185
-0.26861   0.750575   1.31378
0.282264   0.0662123   -1.54889
0.247398   -0.610928   0.234706
0.737039   -0.732001   -0.48317
-0.21197   0.317741   0.455199
0.496005   -0.570611   1.11135
-0.38245   0.72624   0.0782718
-1.99487   0.527556   0.764554
-0.0196703   0.0124853   -1.25726
2.0335   -0.189047   0.31387
0.705942   -0.695821   -0.763791
-1.6418   -0.536299   -2.31213
0.811436   0.656396   1.95885
0.0534199   -2.02055   1.0615
-2.04049   0.88173   -0.271123
-1.38232   -0.0532382   -1.73972
-2.07284   -1.04885   1.44746
-1.34755   -0.426072   -0.765023
-0.256402   0.599796   -0.430185
0.0545401   0.121918   -0.536453
0.254813   0.159515   -0.979678
0.484286   0.314487   0.187535
-1.15235   -0.444539   -2.53121
-1.27662   0.940689   -0.0806324
0.626702   2.48527   1.74023
1.4684   -0.948628   0.998089
1.54362   0.0697811   1.41334
0.648129   0.218798   -0.370146
-0.451689   -1.33343   0.262982
0.792498   0.0516412   -0.33428
-1.49933   -0.404763   -1.52076
-0.975804   -2.57014   0.550501
1.98042   -0.792479   -1.37241
0.0609003   0.531353   0.272167
1.2861   -0.224119   -1.45286
2.41637   -0.988254   1.45951
0.0169533   1.13411   1.15847
1.01974   -1.57927   -0.109211
1.18998   0.527625   1.1403
-1.06056   0.637007   -0.163993
-0.313687   0.199423   0.394569
0.173959   -1.29895   -0.0943268
-1.40957   -1.82258   0.541082
-0.784016   -0.871972   0.709122
0.207221   -1.07768   -0.638913
0.606602   -0.515476   2.05364
0.542867   -0.919282   0.0912921
0.674776   -1.06268   0.526244
-0.293145   0.620928   -1.28601
0.986469   -1.37246   -0.0417073
0.817023   1.19391   -0.313022
-1.07837   0.375313   -0.874447
0.0424708   0.00411323   0.740755
-0.189344   0.00330419   -0.229896
-2.13432   -0.00490927   0.577475
0.676006   1.63496   0.145389
0.522088   2.25476   0.854295
0.267369   0.717969   0.845265
0.403563   0.207127   -0.0872947
-0.113506   0.329702   0.443926
-0.105374   0.402089   1.38671
-0.763139   0.596341   -0.614642
0.011732   -1.13003   0.311389
1.3718   0.184836   1.4362
1.52901   0.99748   0.878456
0.375243   1.73974   1.0559
-0.625648   0.329839   -0.0245964
0.0173354   1.09548   -0.463584
1.53269   -0.494298   0.327012
-2.00274   0.957993   0.704802
0.269835   0.644125   0.604214
-2.37547   -1.51825   0.378526
1.83343   0.17007   0.240844
-0.414068   0.186269   0.499571
0.827239   -1.42619   0.426186
-1.05506   0.172912   0.367333
-0.62879   -0.023595   -1.3944
0.474854   0.642904   0.905167
-1.31329   -1.01135   -2.12148
-0.872873   -0.495158   1.51528
-0.522652   -0.382875   -0.278035
-0.373933   1.03121   -0.984823
